2026-06-18 14:07:20 - INFO - Source directory: C:\Users\Hiloni Vora\Source Code\Legal AI Assistant\legal-agent\data\raw
2026-06-18 14:07:20 - INFO - Output directory: C:\Users\Hiloni Vora\Source Code\Legal AI Assistant\legal-agent\data\pdf
2026-06-18 14:07:20 - INFO - Found 19 HTML file(s) to process
2026-06-18 14:07:20 - INFO - ================================================================================
2026-06-18 14:07:20 - INFO - Starting HTML to PDF conversion...
2026-06-18 14:07:20 - INFO - ================================================================================
2026-06-18 14:07:22 - INFO - [1/19] Converted: Amendment_15_DYNAVAX_TECHNOLOGIES_CORP_(DVAX).htm -> Amendment_15_DYNAVAX_TECHNOLOGIES_CORP_(DVAX).pdf
2026-06-18 14:07:22 - INFO - [2/19] Skipped: Amendment_16_Marqeta,_Inc._(MQ).htm -> Amendment_16_Marqeta,_Inc._(MQ).pdf (already exists)
2026-06-18 14:07:22 - INFO - [3/19] Skipped: Amendment_17_Akerna_Corp._(GRYP).htm -> Amendment_17_Akerna_Corp._(GRYP).pdf (already exists)
2026-06-18 14:07:22 - INFO - [4/19] Skipped: Amendment_18_Olema_Pharmaceuticals,_Inc._(OLMA).htm -> Amendment_18_Olema_Pharmaceuticals,_Inc._(OLMA).pdf (already exists)
2026-06-18 14:07:22 - INFO - [5/19] Skipped: Amendment_19_Inari_Medical,_Inc._(NARI).htm -> Amendment_19_Inari_Medical,_Inc._(NARI).pdf (already exists)
2026-06-18 14:07:22 - INFO - [6/19] Skipped: ServiceAgreement_10_INTEGRAL_TECHNOLOGIES_INC.htm -> ServiceAgreement_10_INTEGRAL_TECHNOLOGIES_INC.pdf (already exists)
2026-06-18 14:07:22 - INFO - [7/19] Skipped: ServiceAgreement_14_LifeMD,_Inc._(LFMD,_LFMDP).htm -> ServiceAgreement_14_LifeMD,_Inc._(LFMD,_LFMDP).pdf (already exists)
2026-06-18 14:07:22 - INFO - [8/19] Skipped: ServiceAgreement_15_Waton_Financial_Ltd.htm -> ServiceAgreement_15_Waton_Financial_Ltd.pdf (already exists)
2026-06-18 14:07:22 - INFO - [9/19] Skipped: ServiceAgreement_6_Sunrise_Communications_AG_(SNRS).htm -> ServiceAgreement_6_Sunrise_Communications_AG_(SNRS).pdf (already exists)
2026-06-18 14:07:22 - INFO - [10/19] Skipped: ServiceAgreement_9_Coeur_Mining,_Inc._(CDE).htm -> ServiceAgreement_9_Coeur_Mining,_Inc._(CDE).pdf (already exists)
2026-06-18 14:07:22 - INFO - [11/19] Skipped: SupplierAgreement_11_CERUS_CORP_(CERS).htm -> SupplierAgreement_11_CERUS_CORP_(CERS).pdf (already exists)
2026-06-18 14:07:22 - INFO - [12/19] Skipped: SupplierAgreement_12_NOVAVAX_INC_(NVAX).htm -> SupplierAgreement_12_NOVAVAX_INC_(NVAX).pdf (already exists)
2026-06-18 14:07:22 - INFO - [13/19] Skipped: SupplierAgreement_13_Apollo_Strategic_Growth_Capital_(GBTG).htm -> SupplierAgreement_13_Apollo_Strategic_Growth_Capital_(GBTG).pdf (already exists)
2026-06-18 14:07:22 - INFO - [14/19] Skipped: SupplierAgreement_14_Brag_House_Holdings,_Inc._(TBH).htm -> SupplierAgreement_14_Brag_House_Holdings,_Inc._(TBH).pdf (already exists)
2026-06-18 14:07:24 - INFO - [15/19] Converted: NDA_1_Hemoglobin_Oxygen_Therapeutics_LLC.htm -> NDA_1_Hemoglobin_Oxygen_Therapeutics_LLC.pdf
2026-06-18 14:07:24 - INFO - [16/19] Skipped: NDA_2_Bakhu_Holdings,_Corp._(BKUH).htm -> NDA_2_Bakhu_Holdings,_Corp._(BKUH).pdf (already exists)
2026-06-18 14:07:24 - INFO - [17/19] Skipped: NDA_3_Starry_Group_Holdings,_Inc..htm -> NDA_3_Starry_Group_Holdings,_Inc..pdf (already exists)
2026-06-18 14:07:24 - INFO - [18/19] Skipped: NDA_4_TRxADE_HEALTH,_INC_(MEDS).htm -> NDA_4_TRxADE_HEALTH,_INC_(MEDS).pdf (already exists)
2026-06-18 14:07:24 - INFO - [19/19] Skipped: NDA_5_BlueRiver_Acquisition_Corp._(BLUAF,_BLUAW,_BLUVF).htm -> NDA_5_BlueRiver_Acquisition_Corp._(BLUAF,_BLUAW,_BLUVF).pdf (already exists)
2026-06-18 14:07:24 - INFO - ================================================================================
2026-06-18 14:07:24 - INFO - CONVERSION SUMMARY
2026-06-18 14:07:24 - INFO - ================================================================================
2026-06-18 14:07:24 - INFO - Total HTML files found:    19
2026-06-18 14:07:24 - INFO - Successfully converted:    2
2026-06-18 14:07:24 - INFO - Failed conversions:        0
2026-06-18 14:07:24 - INFO - Skipped (already exist):   17
2026-06-18 14:07:24 - INFO - Output folder:             C:\Users\Hiloni Vora\Source Code\Legal AI Assistant\legal-agent\data\pdf
2026-06-18 14:07:24 - INFO - ================================================================================
