2026-06-18 14:44:43 - INFO - Source directory: C:\Users\Hiloni Vora\Source Code\Legal AI Assistant\legal-agent\data\raw
2026-06-18 14:44:43 - INFO - Output directory: C:\Users\Hiloni Vora\Source Code\Legal AI Assistant\legal-agent\data\pdf
2026-06-18 14:44:43 - INFO - DRY-RUN MODE: No files will be created, modified, or deleted.
2026-06-18 14:44:43 - INFO - Found 19 HTML file(s) to process
2026-06-18 14:44:43 - INFO - ================================================================================
2026-06-18 14:44:43 - INFO - Starting HTML to PDF conversion...
2026-06-18 14:44:43 - INFO - ================================================================================
2026-06-18 14:44:43 - INFO - [1/19] Skipped: Amendment_15_DYNAVAX_TECHNOLOGIES_CORP_(DVAX).htm -> Amendment_15_DYNAVAX_TECHNOLOGIES_CORP_(DVAX).pdf (already exists)
2026-06-18 14:44:43 - INFO - [2/19] Skipped: Amendment_16_Marqeta,_Inc._(MQ).htm -> Amendment_16_Marqeta,_Inc._(MQ).pdf (already exists)
2026-06-18 14:44:43 - INFO - [3/19] Skipped: Amendment_17_Akerna_Corp._(GRYP).htm -> Amendment_17_Akerna_Corp._(GRYP).pdf (already exists)
2026-06-18 14:44:43 - INFO - [4/19] Skipped: Amendment_18_Olema_Pharmaceuticals,_Inc._(OLMA).htm -> Amendment_18_Olema_Pharmaceuticals,_Inc._(OLMA).pdf (already exists)
2026-06-18 14:44:43 - INFO - [5/19] Skipped: Amendment_19_Inari_Medical,_Inc._(NARI).htm -> Amendment_19_Inari_Medical,_Inc._(NARI).pdf (already exists)
2026-06-18 14:44:43 - INFO - [6/19] Skipped: ServiceAgreement_10_INTEGRAL_TECHNOLOGIES_INC.htm -> ServiceAgreement_10_INTEGRAL_TECHNOLOGIES_INC.pdf (already exists)
2026-06-18 14:44:43 - INFO - [7/19] Skipped: ServiceAgreement_14_LifeMD,_Inc._(LFMD,_LFMDP).htm -> ServiceAgreement_14_LifeMD,_Inc._(LFMD,_LFMDP).pdf (already exists)
2026-06-18 14:44:43 - INFO - [8/19] Skipped: ServiceAgreement_15_Waton_Financial_Ltd.htm -> ServiceAgreement_15_Waton_Financial_Ltd.pdf (already exists)
2026-06-18 14:44:43 - INFO - [9/19] Skipped: ServiceAgreement_6_Sunrise_Communications_AG_(SNRS).htm -> ServiceAgreement_6_Sunrise_Communications_AG_(SNRS).pdf (already exists)
2026-06-18 14:44:43 - INFO - [10/19] Skipped: ServiceAgreement_9_Coeur_Mining,_Inc._(CDE).htm -> ServiceAgreement_9_Coeur_Mining,_Inc._(CDE).pdf (already exists)
2026-06-18 14:44:43 - INFO - [11/19] Skipped: SupplierAgreement_11_CERUS_CORP_(CERS).htm -> SupplierAgreement_11_CERUS_CORP_(CERS).pdf (already exists)
2026-06-18 14:44:43 - INFO - [12/19] Skipped: SupplierAgreement_12_NOVAVAX_INC_(NVAX).htm -> SupplierAgreement_12_NOVAVAX_INC_(NVAX).pdf (already exists)
2026-06-18 14:44:43 - INFO - [13/19] Skipped: SupplierAgreement_13_Apollo_Strategic_Growth_Capital_(GBTG).htm -> SupplierAgreement_13_Apollo_Strategic_Growth_Capital_(GBTG).pdf (already exists)
2026-06-18 14:44:43 - INFO - [14/19] Skipped: SupplierAgreement_14_Brag_House_Holdings,_Inc._(TBH).htm -> SupplierAgreement_14_Brag_House_Holdings,_Inc._(TBH).pdf (already exists)
2026-06-18 14:44:43 - INFO - [15/19] Skipped: NDA_1_Hemoglobin_Oxygen_Therapeutics_LLC.htm -> NDA_1_Hemoglobin_Oxygen_Therapeutics_LLC.pdf (already exists)
2026-06-18 14:44:43 - INFO - [16/19] Skipped: NDA_2_Bakhu_Holdings,_Corp._(BKUH).htm -> NDA_2_Bakhu_Holdings,_Corp._(BKUH).pdf (already exists)
2026-06-18 14:44:43 - INFO - [17/19] Skipped: NDA_3_Starry_Group_Holdings,_Inc..htm -> NDA_3_Starry_Group_Holdings,_Inc..pdf (already exists)
2026-06-18 14:44:43 - INFO - [18/19] Skipped: NDA_4_TRxADE_HEALTH,_INC_(MEDS).htm -> NDA_4_TRxADE_HEALTH,_INC_(MEDS).pdf (already exists)
2026-06-18 14:44:43 - INFO - [19/19] Skipped: NDA_5_BlueRiver_Acquisition_Corp._(BLUAF,_BLUAW,_BLUVF).htm -> NDA_5_BlueRiver_Acquisition_Corp._(BLUAF,_BLUAW,_BLUVF).pdf (already exists)
2026-06-18 14:44:43 - INFO - ================================================================================
2026-06-18 14:44:43 - INFO - HTML REMOVAL PHASE
2026-06-18 14:44:43 - INFO - ================================================================================
2026-06-18 14:44:43 - INFO - [DRY-RUN] Would delete HTML: C:\Users\Hiloni Vora\Source Code\Legal AI Assistant\legal-agent\data\raw\amendments\Amendment_15_DYNAVAX_TECHNOLOGIES_CORP_(DVAX).htm (PDF validated OK)
2026-06-18 14:44:43 - INFO - [DRY-RUN] Would delete HTML: C:\Users\Hiloni Vora\Source Code\Legal AI Assistant\legal-agent\data\raw\amendments\Amendment_16_Marqeta,_Inc._(MQ).htm (PDF validated OK)
2026-06-18 14:44:43 - INFO - [DRY-RUN] Would delete HTML: C:\Users\Hiloni Vora\Source Code\Legal AI Assistant\legal-agent\data\raw\amendments\Amendment_17_Akerna_Corp._(GRYP).htm (PDF validated OK)
2026-06-18 14:44:43 - INFO - [DRY-RUN] Would delete HTML: C:\Users\Hiloni Vora\Source Code\Legal AI Assistant\legal-agent\data\raw\amendments\Amendment_18_Olema_Pharmaceuticals,_Inc._(OLMA).htm (PDF validated OK)
2026-06-18 14:44:43 - INFO - [DRY-RUN] Would delete HTML: C:\Users\Hiloni Vora\Source Code\Legal AI Assistant\legal-agent\data\raw\amendments\Amendment_19_Inari_Medical,_Inc._(NARI).htm (PDF validated OK)
2026-06-18 14:44:43 - INFO - [DRY-RUN] Would delete HTML: C:\Users\Hiloni Vora\Source Code\Legal AI Assistant\legal-agent\data\raw\contracts\ServiceAgreement_10_INTEGRAL_TECHNOLOGIES_INC.htm (PDF validated OK)
2026-06-18 14:44:43 - INFO - [DRY-RUN] Would delete HTML: C:\Users\Hiloni Vora\Source Code\Legal AI Assistant\legal-agent\data\raw\contracts\ServiceAgreement_14_LifeMD,_Inc._(LFMD,_LFMDP).htm (PDF validated OK)
2026-06-18 14:44:43 - INFO - [DRY-RUN] Would delete HTML: C:\Users\Hiloni Vora\Source Code\Legal AI Assistant\legal-agent\data\raw\contracts\ServiceAgreement_15_Waton_Financial_Ltd.htm (PDF validated OK)
2026-06-18 14:44:43 - INFO - [DRY-RUN] Would delete HTML: C:\Users\Hiloni Vora\Source Code\Legal AI Assistant\legal-agent\data\raw\contracts\ServiceAgreement_6_Sunrise_Communications_AG_(SNRS).htm (PDF validated OK)
2026-06-18 14:44:43 - INFO - [DRY-RUN] Would delete HTML: C:\Users\Hiloni Vora\Source Code\Legal AI Assistant\legal-agent\data\raw\contracts\ServiceAgreement_9_Coeur_Mining,_Inc._(CDE).htm (PDF validated OK)
2026-06-18 14:44:43 - INFO - [DRY-RUN] Would delete HTML: C:\Users\Hiloni Vora\Source Code\Legal AI Assistant\legal-agent\data\raw\contracts\SupplierAgreement_11_CERUS_CORP_(CERS).htm (PDF validated OK)
2026-06-18 14:44:44 - INFO - [DRY-RUN] Would delete HTML: C:\Users\Hiloni Vora\Source Code\Legal AI Assistant\legal-agent\data\raw\contracts\SupplierAgreement_12_NOVAVAX_INC_(NVAX).htm (PDF validated OK)
2026-06-18 14:44:44 - INFO - [DRY-RUN] Would delete HTML: C:\Users\Hiloni Vora\Source Code\Legal AI Assistant\legal-agent\data\raw\contracts\SupplierAgreement_13_Apollo_Strategic_Growth_Capital_(GBTG).htm (PDF validated OK)
2026-06-18 14:44:44 - INFO - [DRY-RUN] Would delete HTML: C:\Users\Hiloni Vora\Source Code\Legal AI Assistant\legal-agent\data\raw\contracts\SupplierAgreement_14_Brag_House_Holdings,_Inc._(TBH).htm (PDF validated OK)
2026-06-18 14:44:44 - INFO - [DRY-RUN] Would delete HTML: C:\Users\Hiloni Vora\Source Code\Legal AI Assistant\legal-agent\data\raw\ndas\NDA_1_Hemoglobin_Oxygen_Therapeutics_LLC.htm (PDF validated OK)
2026-06-18 14:44:44 - INFO - [DRY-RUN] Would delete HTML: C:\Users\Hiloni Vora\Source Code\Legal AI Assistant\legal-agent\data\raw\ndas\NDA_2_Bakhu_Holdings,_Corp._(BKUH).htm (PDF validated OK)
2026-06-18 14:44:44 - INFO - [DRY-RUN] Would delete HTML: C:\Users\Hiloni Vora\Source Code\Legal AI Assistant\legal-agent\data\raw\ndas\NDA_3_Starry_Group_Holdings,_Inc..htm (PDF validated OK)
2026-06-18 14:44:44 - INFO - [DRY-RUN] Would delete HTML: C:\Users\Hiloni Vora\Source Code\Legal AI Assistant\legal-agent\data\raw\ndas\NDA_4_TRxADE_HEALTH,_INC_(MEDS).htm (PDF validated OK)
2026-06-18 14:44:44 - INFO - [DRY-RUN] Would delete HTML: C:\Users\Hiloni Vora\Source Code\Legal AI Assistant\legal-agent\data\raw\ndas\NDA_5_BlueRiver_Acquisition_Corp._(BLUAF,_BLUAW,_BLUVF).htm (PDF validated OK)
2026-06-18 14:44:44 - INFO - ================================================================================
2026-06-18 14:44:44 - INFO - EMPTY FOLDER CLEANUP PHASE
2026-06-18 14:44:44 - INFO - ================================================================================
2026-06-18 14:44:44 - INFO - [DRY-RUN] Would delete empty folder: C:\Users\Hiloni Vora\Source Code\Legal AI Assistant\legal-agent\data\raw\contracts\Agency Agreements\Agency Agreements
2026-06-18 14:44:44 - INFO - [DRY-RUN] Would delete empty folder: C:\Users\Hiloni Vora\Source Code\Legal AI Assistant\legal-agent\data\raw\contracts\Collaboration\Collaboration
2026-06-18 14:44:44 - INFO - [DRY-RUN] Would delete empty folder: C:\Users\Hiloni Vora\Source Code\Legal AI Assistant\legal-agent\data\raw\contracts\Development\Development
2026-06-18 14:44:44 - INFO - [DRY-RUN] Would delete empty folder: C:\Users\Hiloni Vora\Source Code\Legal AI Assistant\legal-agent\data\raw\contracts\Distributor\Distributor
2026-06-18 14:44:44 - INFO - [DRY-RUN] Would delete empty folder: C:\Users\Hiloni Vora\Source Code\Legal AI Assistant\legal-agent\data\raw\contracts\Endorsement\Endorsement
2026-06-18 14:44:44 - INFO - [DRY-RUN] Would delete empty folder: C:\Users\Hiloni Vora\Source Code\Legal AI Assistant\legal-agent\data\raw\contracts\Franchise\Franchise
2026-06-18 14:44:44 - INFO - [DRY-RUN] Would delete empty folder: C:\Users\Hiloni Vora\Source Code\Legal AI Assistant\legal-agent\data\raw\contracts\Hosting\Hosting
2026-06-18 14:44:44 - INFO - [DRY-RUN] Would delete empty folder: C:\Users\Hiloni Vora\Source Code\Legal AI Assistant\legal-agent\data\raw\contracts\IP\IP
2026-06-18 14:44:44 - INFO - [DRY-RUN] Would delete empty folder: C:\Users\Hiloni Vora\Source Code\Legal AI Assistant\legal-agent\data\raw\contracts\Maintenance\Maintenance
2026-06-18 14:44:44 - INFO - [DRY-RUN] Would delete empty folder: C:\Users\Hiloni Vora\Source Code\Legal AI Assistant\legal-agent\data\raw\contracts\Manufacturing\Manufacturing
2026-06-18 14:44:44 - INFO - [DRY-RUN] Would delete empty folder: C:\Users\Hiloni Vora\Source Code\Legal AI Assistant\legal-agent\data\raw\contracts\Marketing\Marketing
2026-06-18 14:44:44 - INFO - [DRY-RUN] Would delete empty folder: C:\Users\Hiloni Vora\Source Code\Legal AI Assistant\legal-agent\data\raw\contracts\Outsourcing\Outsourcing
2026-06-18 14:44:44 - INFO - [DRY-RUN] Would delete empty folder: C:\Users\Hiloni Vora\Source Code\Legal AI Assistant\legal-agent\data\raw\contracts\Promotion\Promotion
2026-06-18 14:44:44 - INFO - [DRY-RUN] Would delete empty folder: C:\Users\Hiloni Vora\Source Code\Legal AI Assistant\legal-agent\data\raw\contracts\Reseller\Reseller
2026-06-18 14:44:44 - INFO - [DRY-RUN] Would delete empty folder: C:\Users\Hiloni Vora\Source Code\Legal AI Assistant\legal-agent\data\raw\contracts\Service\Service
2026-06-18 14:44:44 - INFO - [DRY-RUN] Would delete empty folder: C:\Users\Hiloni Vora\Source Code\Legal AI Assistant\legal-agent\data\raw\contracts\Sponsorship\Sponsorship
2026-06-18 14:44:44 - INFO - [DRY-RUN] Would delete empty folder: C:\Users\Hiloni Vora\Source Code\Legal AI Assistant\legal-agent\data\raw\contracts\Supply\Supply
2026-06-18 14:44:44 - INFO - [DRY-RUN] Would delete empty folder: C:\Users\Hiloni Vora\Source Code\Legal AI Assistant\legal-agent\data\raw\contracts\Transportation\Transportation
2026-06-18 14:44:44 - INFO - [DRY-RUN] Would delete empty folder: C:\Users\Hiloni Vora\Source Code\Legal AI Assistant\legal-agent\data\raw\contracts\Affiliate Agreement
2026-06-18 14:44:44 - INFO - [DRY-RUN] Would delete empty folder: C:\Users\Hiloni Vora\Source Code\Legal AI Assistant\legal-agent\data\raw\contracts\Affiliate_Agreements
2026-06-18 14:44:44 - INFO - [DRY-RUN] Would delete empty folder: C:\Users\Hiloni Vora\Source Code\Legal AI Assistant\legal-agent\data\raw\contracts\Commercial Contracts (Part II-A)
2026-06-18 14:44:44 - INFO - [DRY-RUN] Would delete empty folder: C:\Users\Hiloni Vora\Source Code\Legal AI Assistant\legal-agent\data\raw\contracts\Consulting Agreements
2026-06-18 14:44:44 - INFO - [DRY-RUN] Would delete empty folder: C:\Users\Hiloni Vora\Source Code\Legal AI Assistant\legal-agent\data\raw\contracts\Co_Branding
2026-06-18 14:44:44 - INFO - [DRY-RUN] Would delete empty folder: C:\Users\Hiloni Vora\Source Code\Legal AI Assistant\legal-agent\data\raw\contracts\Endorsement Agreement
2026-06-18 14:44:44 - INFO - [DRY-RUN] Would delete empty folder: C:\Users\Hiloni Vora\Source Code\Legal AI Assistant\legal-agent\data\raw\contracts\Joint Venture
2026-06-18 14:44:44 - INFO - [DRY-RUN] Would delete empty folder: C:\Users\Hiloni Vora\Source Code\Legal AI Assistant\legal-agent\data\raw\contracts\Joint Venture _ Filing
2026-06-18 14:44:44 - INFO - [DRY-RUN] Would delete empty folder: C:\Users\Hiloni Vora\Source Code\Legal AI Assistant\legal-agent\data\raw\contracts\License_Agreements
2026-06-18 14:44:44 - INFO - [DRY-RUN] Would delete empty folder: C:\Users\Hiloni Vora\Source Code\Legal AI Assistant\legal-agent\data\raw\contracts\Non_Compete_Non_Solicit
2026-06-18 14:44:44 - INFO - [DRY-RUN] Would delete empty folder: C:\Users\Hiloni Vora\Source Code\Legal AI Assistant\legal-agent\data\raw\contracts\Part_I
2026-06-18 14:44:44 - INFO - [DRY-RUN] Would delete empty folder: C:\Users\Hiloni Vora\Source Code\Legal AI Assistant\legal-agent\data\raw\contracts\Part_II
2026-06-18 14:44:44 - INFO - [DRY-RUN] Would delete empty folder: C:\Users\Hiloni Vora\Source Code\Legal AI Assistant\legal-agent\data\raw\contracts\Part_III
2026-06-18 14:44:44 - INFO - [DRY-RUN] Would delete empty folder: C:\Users\Hiloni Vora\Source Code\Legal AI Assistant\legal-agent\data\raw\contracts\Strategic Alliance
2026-06-18 14:44:44 - INFO - [DRY-RUN] Would delete empty folder: C:\Users\Hiloni Vora\Source Code\Legal AI Assistant\legal-agent\data\raw\other
2026-06-18 14:44:44 - INFO - ================================================================================
2026-06-18 14:44:44 - INFO - CONVERSION SUMMARY
2026-06-18 14:44:44 - INFO - ================================================================================
2026-06-18 14:44:44 - INFO - Dry-run mode:                 YES (DRY-RUN - no changes made)
2026-06-18 14:44:44 - INFO - Total HTML files found:       19
2026-06-18 14:44:44 - INFO - Successfully converted:       0
2026-06-18 14:44:44 - INFO - Failed conversions:           0
2026-06-18 14:44:44 - INFO - Skipped (already exist):      19
2026-06-18 14:44:44 - INFO - HTML/PDF pairs found:         19
2026-06-18 14:44:44 - INFO - HTML files deleted:           19
2026-06-18 14:44:44 - INFO - HTML files retained:          0
2026-06-18 14:44:44 - INFO - Invalid PDFs (HTML kept):     0
2026-06-18 14:44:44 - INFO - Empty folders deleted:        33
2026-06-18 14:44:44 - INFO - Output folder:                C:\Users\Hiloni Vora\Source Code\Legal AI Assistant\legal-agent\data\pdf
2026-06-18 14:44:44 - INFO - ================================================================================
